Cloning from git@github.com:bighomiegofficial/Universal-Mobile-Spyware.git
Using SSH key ssh-rsa 4096 ca:e5:30:b0:1f:63:86:76:95:d7:18:91:37:18:01:be
Enumerating objects: 9, done.
Counting objects:  11% (1/9)
Counting objects:  22% (2/9)
Counting objects:  33% (3/9)
Counting objects:  44% (4/9)
Counting objects:  55% (5/9)
Counting objects:  66% (6/9)
Counting objects:  77% (7/9)
Counting objects:  88% (8/9)Counting objects: 100% (9/9)
Counting objects: 100% (9/9), done.
Compressing objects:  16% (1/6)
Compressing objects:  33% (2/6)
Compressing objects:  50% (3/6)
Compressing objects:  66% (4/6)
Compressing objects:  83% (5/6)
Compressing objects: 100% (6/6)
Compressing objects: 100% (6/6), done.
Total 9 (delta 2), reused 1 (delta 0), pack-reused 0
